<?xml version="1.0" encoding="UTF-8"?>
<!-- Generated by org.testng.reporters.JUnitReportReporter -->
<testsuite skipped="0" hostname="admin-PC" name="com.techcanvass.day1.TestNGExample" tests="2" failures="0" timestamp="09 Mar 2019 06:38:34 GMT" time="53.076" errors="0">
  <testcase name="Test1" time="52.156" classname="com.techcanvass.day1.TestNGExample"/>
  <testcase name="Test" time="0.920" classname="com.techcanvass.day1.TestNGExample"/>
</testsuite> <!-- com.techcanvass.day1.TestNGExample -->
