<?xml version="1.0" encoding="UTF-8"?>
<!-- Generated by org.testng.reporters.JUnitReportReporter -->
<testsuite skipped="0" hostname="admin-PC" name="com.techcanvass.day1.MyFirstTestng" tests="1" failures="0" timestamp="02 Mar 2019 08:48:12 GMT" time="0.018" errors="0">
  <testcase name="fhhhhh" time="0.018" classname="com.techcanvass.day1.MyFirstTestng"/>
</testsuite> <!-- com.techcanvass.day1.MyFirstTestng -->
